sample.interval=20000
".rs.makeCompletions" ".rs.getCompletionsActiveFrame" "Reduce" "<Anonymous>" 
"as.list" ".rs.getHelpFromObject" ".rs.getHelpFunction" "<Anonymous>" 
"formals" "as.list" ".rs.getHelpFromObject" ".rs.getHelpFunction" "<Anonymous>" 
"as.list" ".rs.getHelpFromObject" ".rs.getHelpFunction" "<Anonymous>" 
"vapply" "urlify" "paste0" "writeLink" "writeBlock" "writeContent" "writeWrapped" "writeBlock" "writeContent" "writeSection" "Rd2HTML" "<Anonymous>" "withCallingHandlers" "suppressWarnings" ".rs.getHelp" ".rs.getHelpFromObject" ".rs.getHelpFunction" "<Anonymous>" 
"grepl" "ifelse" "urlify" "paste0" "writeLink" "writeBlock" "writeContent" "writeWrapped" "writeBlock" "writeContent" "writeSection" "Rd2HTML" "<Anonymous>" "withCallingHandlers" "suppressWarnings" ".rs.getHelp" ".rs.getHelpFromObject" ".rs.getHelpFunction" "<Anonymous>" 
"structure" "grep" "isBlankRd" "writeWrapped" "writeBlock" "writeContent" "writeSection" "Rd2HTML" "<Anonymous>" "withCallingHandlers" "suppressWarnings" ".rs.getHelp" ".rs.getHelpFromObject" ".rs.getHelpFunction" "<Anonymous>" 
"sys.call" "match.call" "stopifnot" "srcfilecopy" "parse" "doTryCatch" "tryCatchOne" "tryCatchList" "tryCatch" "<Anonymous>" 
"is.finite" "svd" 
"any" "svd" 
"La.svd" "svd" 
"matrix" "La.svd" "svd" 
"La.svd" "svd" 
"La.svd" "svd" 
"La.svd" "svd" 
"La.svd" "svd" 
"La.svd" "svd" 
"La.svd" "svd" 
"La.svd" "svd" 
"La.svd" "svd" 
"La.svd" "svd" 
"La.svd" "svd" 
"La.svd" "svd" 
"La.svd" "svd" 
"La.svd" "svd" 
"La.svd" "svd" 
"La.svd" "svd" 
"La.svd" "svd" 
"La.svd" "svd" 
"La.svd" "svd" 
"La.svd" "svd" 
"La.svd" "svd" 
"La.svd" "svd" 
"La.svd" "svd" 
"La.svd" "svd" 
"La.svd" "svd" 
"La.svd" "svd" 
"La.svd" "svd" 
"La.svd" "svd" 
"La.svd" "svd" 
"La.svd" "svd" 
"La.svd" "svd" 
"La.svd" "svd" 
"La.svd" "svd" 
"La.svd" "svd" 
"La.svd" "svd" 
"La.svd" "svd" 
"La.svd" "svd" 
"La.svd" "svd" 
"La.svd" "svd" 
"La.svd" "svd" 
"La.svd" "svd" 
"La.svd" "svd" 
"La.svd" "svd" 
"La.svd" "svd" 
"La.svd" "svd" 
"La.svd" "svd" 
"La.svd" "svd" 
"La.svd" "svd" 
"La.svd" "svd" 
"La.svd" "svd" 
"La.svd" "svd" 
"La.svd" "svd" 
"La.svd" "svd" 
"La.svd" "svd" 
"La.svd" "svd" 
"La.svd" "svd" 
"La.svd" "svd" 
"La.svd" "svd" 
"La.svd" "svd" 
"La.svd" "svd" 
"La.svd" "svd" 
"La.svd" "svd" 
"La.svd" "svd" 
"La.svd" "svd" 
"La.svd" "svd" 
"La.svd" "svd" 
"La.svd" "svd" 
"La.svd" "svd" 
"La.svd" "svd" 
"La.svd" "svd" 
"La.svd" "svd" 
"La.svd" "svd" 
"La.svd" "svd" 
"La.svd" "svd" 
"La.svd" "svd" 
"La.svd" "svd" 
"La.svd" "svd" 
"La.svd" "svd" 
"La.svd" "svd" 
"La.svd" "svd" 
"La.svd" "svd" 
"La.svd" "svd" 
"La.svd" "svd" 
"La.svd" "svd" 
"La.svd" "svd" 
"La.svd" "svd" 
"La.svd" "svd" 
"La.svd" "svd" 
"La.svd" "svd" 
"La.svd" "svd" 
"La.svd" "svd" 
"La.svd" "svd" 
"La.svd" "svd" 
"La.svd" "svd" 
"La.svd" "svd" 
"La.svd" "svd" 
"La.svd" "svd" 
"La.svd" "svd" 
"La.svd" "svd" 
"La.svd" "svd" 
"La.svd" "svd" 
"La.svd" "svd" 
"La.svd" "svd" 
"La.svd" "svd" 
"La.svd" "svd" 
"La.svd" "svd" 
"La.svd" "svd" 
"La.svd" "svd" 
"La.svd" "svd" 
"La.svd" "svd" 
"La.svd" "svd" 
"La.svd" "svd" 
"La.svd" "svd" 
"La.svd" "svd" 
"La.svd" "svd" 
"La.svd" "svd" 
"La.svd" "svd" 
"La.svd" "svd" 
"La.svd" "svd" 
"La.svd" "svd" 
"La.svd" "svd" 
"La.svd" "svd" 
"La.svd" "svd" 
"La.svd" "svd" 
"La.svd" "svd" 
"La.svd" "svd" 
"La.svd" "svd" 
"La.svd" "svd" 
"La.svd" "svd" 
"La.svd" "svd" 
"La.svd" "svd" 
"La.svd" "svd" 
"La.svd" "svd" 
"La.svd" "svd" 
"La.svd" "svd" 
"La.svd" "svd" 
"La.svd" "svd" 
"La.svd" "svd" 
"La.svd" "svd" 
"La.svd" "svd" 
"La.svd" "svd" 
"La.svd" "svd" 
"La.svd" "svd" 
"La.svd" "svd" 
"La.svd" "svd" 
"La.svd" "svd" 
"La.svd" "svd" 
"La.svd" "svd" 
"t.default" "t" "svd" 
"structure" "object.size" "<Anonymous>" 
"save" "<Anonymous>" 
".Call" "doTryCatch" "tryCatchOne" "tryCatchList" "tryCatch" "<Anonymous>" 
".Call" "doTryCatch" "tryCatchOne" "tryCatchList" "tryCatch" "<Anonymous>" 
"ls" "FUN" "lapply" ".rs.objectsOnSearchPath" ".rs.getCompletionsSearchPath" "Reduce" "<Anonymous>" 
"ls" "FUN" "lapply" ".rs.objectsOnSearchPath" ".rs.getCompletionsSearchPath" "Reduce" "<Anonymous>" 
"gzfile" "readRDS" "FUN" "lapply" "find.package" "index.search" "help" "eval" "eval" "?" 
".Call" ".rs.getKnitParamsForDocument" ".rs.injectKnitrParamsObject" "<Anonymous>" 
"ls" "FUN" "lapply" ".rs.objectsOnSearchPath" ".rs.getCompletionsSearchPath" "Reduce" "<Anonymous>" 
"&" ".rs.startsWith" ".rs.fuzzyMatches" ".rs.getCompletionsSearchPath" "Reduce" "<Anonymous>" 
"tryCatch" "FUN" "vapply" ".rs.getCompletionsSearchPath" "Reduce" "<Anonymous>" 
"ls" "FUN" "lapply" ".rs.objectsOnSearchPath" ".rs.getCompletionsSearchPath" "Reduce" "<Anonymous>" 
".rs.appendCompletions" "<Anonymous>" 
"match.call" "stopifnot" "srcfilecopy" "parse" "withCallingHandlers" "suppressWarnings" "doTryCatch" "tryCatchOne" "tryCatchList" "tryCatch" ".rs.getFunctionArgumentNames" ".rs.getActiveArgument" ".rs.getCompletionsFunction" ".rs.appendCompletions" ".rs.getRCompletions" ".rs.appendCompletions" "<Anonymous>" 
"ls" "FUN" "lapply" ".rs.objectsOnSearchPath" ".rs.getCompletionsSearchPath" "Reduce" "<Anonymous>" 
"gsub" ".rs.fuzzyMatches" ".rs.getCompletionsSearchPath" "Reduce" "<Anonymous>" 
"ls" "match" "%in%" "find" "<Anonymous>" ".rs.findCustomHelpContext" "<Anonymous>" 
"ls" "FUN" "lapply" ".rs.objectsOnSearchPath" ".rs.getCompletionsSearchPath" "Reduce" "<Anonymous>" 
"&" ".rs.startsWith" ".rs.fuzzyMatches" ".rs.getCompletionsSearchPath" "Reduce" "<Anonymous>" 
"ls" "FUN" "lapply" ".rs.objectsOnSearchPath" ".rs.getCompletionsSearchPath" "Reduce" "<Anonymous>" 
".rs.scalar" ".rs.makeCompletions" ".rs.getCompletionsActiveFrame" "Reduce" "<Anonymous>" 
"ls" "FUN" "lapply" ".rs.objectsOnSearchPath" ".rs.getCompletionsSearchPath" "Reduce" "<Anonymous>" 
"parse" "doTryCatch" "tryCatchOne" "tryCatchList" "tryCatch" "<Anonymous>" 
".rs.objectsOnSearchPath" ".rs.getCompletionsSearchPath" "Reduce" "<Anonymous>" 
"ls" "FUN" "lapply" ".rs.objectsOnSearchPath" ".rs.getCompletionsSearchPath" "Reduce" "<Anonymous>" 
"ls" "FUN" "lapply" ".rs.objectsOnSearchPath" ".rs.getCompletionsSearchPath" "Reduce" "<Anonymous>" 
"nchar" ".rs.startsWith" ".rs.fuzzyMatches" ".rs.getCompletionsSearchPath" "Reduce" "<Anonymous>" 
"ls" "FUN" "lapply" ".rs.objectsOnSearchPath" ".rs.getCompletionsSearchPath" "Reduce" "<Anonymous>" 
"tryCatch" "FUN" "vapply" ".rs.getCompletionsSearchPath" "Reduce" "<Anonymous>" 
"ls" "FUN" "lapply" ".rs.objectsOnSearchPath" ".rs.getCompletionsSearchPath" "Reduce" "<Anonymous>" 
"list.dirs" ".rs.listDirs" "FUN" "lapply" "Reduce" ".rs.getCompletionsPackages" "Reduce" "<Anonymous>" 
"identical" ".rs.getHelpFromObject" ".rs.getHelpFunction" "<Anonymous>" 
"<Anonymous>" "lazyLoadDBfetch" "fetch" "fun" "lazyLoadDBexec" "<Anonymous>" "<Anonymous>" "prepare_Rd" "Rd2HTML" "<Anonymous>" "withCallingHandlers" "suppressWarnings" ".rs.getHelp" ".rs.getHelpFromObject" ".rs.getHelpFunction" "<Anonymous>" 
"isBlankLineRd" "addParaBreaks" "writeLines" "writeLinesUTF8" "of1" "writeBlock" "writeContent" "writeSection" "Rd2HTML" "<Anonymous>" "withCallingHandlers" "suppressWarnings" ".rs.getHelp" ".rs.getHelpFromObject" ".rs.getHelpFunction" "<Anonymous>" 
"writeLines" "writeLinesUTF8" "of0" "writeWrapped" "writeBlock" "writeContent" "writeSection" "Rd2HTML" "<Anonymous>" "withCallingHandlers" "suppressWarnings" ".rs.getHelp" ".rs.getHelpFromObject" ".rs.getHelpFunction" "<Anonymous>" 
"match" "%in%" "structure" "makeRestart" "makeRestartList" "withRestarts" ".signalSimpleWarning" "warning" "data" "withCallingHandlers" "suppressWarnings" "doTryCatch" "tryCatchOne" "tryCatchList" "tryCatch" ".rs.getHelpFromObject" ".rs.getHelpFunction" "<Anonymous>" 
"get" "getExportedValue" "::" "formals" "as.list" ".rs.getHelpFromObject" ".rs.getHelpFunction" "<Anonymous>" 
".rs.getHelpFromObject" ".rs.getHelpFunction" "<Anonymous>" 
"tryCatch" ".rs.getHelpFromObject" ".rs.getHelpFunction" "<Anonymous>" 
"readRDS" "<Anonymous>" "withCallingHandlers" "suppressWarnings" ".rs.getHelp" ".rs.getHelpFromObject" ".rs.getHelpFunction" "<Anonymous>" 
"grepl" "ifelse" "urlify" "paste0" "writeLink" "writeBlock" "writeContent" "writeWrapped" "writeBlock" "writeContent" "writeSection" "Rd2HTML" "<Anonymous>